C:\AppServ\MySQL\bin\mysqld, Version: 8.0.17 (MySQL Community Server - GPL). started with:
TCP Port: 3306, Named Pipe: (null)
Time                 Id Command    Argument
C:\AppServ\MySQL\bin\mysqld, Version: 8.0.17 (MySQL Community Server - GPL). started with:
TCP Port: 3306, Named Pipe: (null)
Time                 Id Command    Argument
C:\AppServ\MySQL\bin\mysqld, Version: 8.0.17 (MySQL Community Server - GPL). started with:
TCP Port: 3306, Named Pipe: (null)
Time                 Id Command    Argument
C:\AppServ\MySQL\bin\mysqld, Version: 8.0.17 (MySQL Community Server - GPL). started with:
TCP Port: 3306, Named Pipe: (null)
Time                 Id Command    Argument
C:\AppServ\MySQL\bin\mysqld, Version: 8.0.17 (MySQL Community Server - GPL). started with:
TCP Port: 3306, Named Pipe: (null)
Time                 Id Command    Argument
C:\AppServ\MySQL\bin\mysqld, Version: 8.0.17 (MySQL Community Server - GPL). started with:
TCP Port: 3306, Named Pipe: (null)
Time                 Id Command    Argument
C:\AppServ\MySQL\bin\mysqld, Version: 8.0.17 (MySQL Community Server - GPL). started with:
TCP Port: 3306, Named Pipe: (null)
Time                 Id Command    Argument
C:\AppServ\MySQL\bin\mysqld, Version: 8.0.17 (MySQL Community Server - GPL). started with:
TCP Port: 3306, Named Pipe: (null)
Time                 Id Command    Argument
C:\AppServ\MySQL\bin\mysqld, Version: 8.0.17 (MySQL Community Server - GPL). started with:
TCP Port: 3306, Named Pipe: (null)
Time                 Id Command    Argument
C:\AppServ\MySQL\bin\mysqld, Version: 8.0.17 (MySQL Community Server - GPL). started with:
TCP Port: 3306, Named Pipe: (null)
Time                 Id Command    Argument
C:\AppServ\MySQL\bin\mysqld, Version: 8.0.17 (MySQL Community Server - GPL). started with:
TCP Port: 3306, Named Pipe: (null)
Time                 Id Command    Argument
C:\AppServ\MySQL\bin\mysqld, Version: 8.0.17 (MySQL Community Server - GPL). started with:
TCP Port: 3306, Named Pipe: (null)
Time                 Id Command    Argument
C:\AppServ\MySQL\bin\mysqld, Version: 8.0.17 (MySQL Community Server - GPL). started with:
TCP Port: 3306, Named Pipe: (null)
Time                 Id Command    Argument
C:\AppServ\MySQL\bin\mysqld, Version: 8.0.17 (MySQL Community Server - GPL). started with:
TCP Port: 3306, Named Pipe: (null)
Time                 Id Command    Argument
C:\AppServ\MySQL\bin\mysqld, Version: 8.0.17 (MySQL Community Server - GPL). started with:
TCP Port: 3306, Named Pipe: (null)
Time                 Id Command    Argument
C:\AppServ\MySQL\bin\mysqld, Version: 8.0.17 (MySQL Community Server - GPL). started with:
TCP Port: 3306, Named Pipe: (null)
Time                 Id Command    Argument
C:\AppServ\MySQL\bin\mysqld, Version: 8.0.17 (MySQL Community Server - GPL). started with:
TCP Port: 3306, Named Pipe: (null)
Time                 Id Command    Argument
C:\AppServ\MySQL\bin\mysqld, Version: 8.0.17 (MySQL Community Server - GPL). started with:
TCP Port: 3306, Named Pipe: (null)
Time                 Id Command    Argument
C:\AppServ\MySQL\bin\mysqld, Version: 8.0.17 (MySQL Community Server - GPL). started with:
TCP Port: 3306, Named Pipe: (null)
Time                 Id Command    Argument
C:\AppServ\MySQL\bin\mysqld, Version: 8.0.17 (MySQL Community Server - GPL). started with:
TCP Port: 3306, Named Pipe: (null)
Time                 Id Command    Argument
C:\AppServ\MySQL\bin\mysqld, Version: 8.0.17 (MySQL Community Server - GPL). started with:
TCP Port: 3306, Named Pipe: (null)
Time                 Id Command    Argument
C:\AppServ\MySQL\bin\mysqld, Version: 8.0.17 (MySQL Community Server - GPL). started with:
TCP Port: 3306, Named Pipe: (null)
Time                 Id Command    Argument
C:\AppServ\MySQL\bin\mysqld, Version: 8.0.17 (MySQL Community Server - GPL). started with:
TCP Port: 3306, Named Pipe: (null)
Time                 Id Command    Argument
C:\AppServ\MySQL\bin\mysqld, Version: 8.0.17 (MySQL Community Server - GPL). started with:
TCP Port: 3306, Named Pipe: (null)
Time                 Id Command    Argument
C:\AppServ\MySQL\bin\mysqld, Version: 8.0.17 (MySQL Community Server - GPL). started with:
TCP Port: 3306, Named Pipe: (null)
Time                 Id Command    Argument
C:\AppServ\MySQL\bin\mysqld, Version: 8.0.17 (MySQL Community Server - GPL). started with:
TCP Port: 3306, Named Pipe: (null)
Time                 Id Command    Argument
C:\AppServ\MySQL\bin\mysqld, Version: 8.0.17 (MySQL Community Server - GPL). started with:
TCP Port: 3306, Named Pipe: (null)
Time                 Id Command    Argument
C:\AppServ\MySQL\bin\mysqld, Version: 8.0.17 (MySQL Community Server - GPL). started with:
TCP Port: 3306, Named Pipe: (null)
Time                 Id Command    Argument
C:\AppServ\MySQL\bin\mysqld, Version: 8.0.17 (MySQL Community Server - GPL). started with:
TCP Port: 3306, Named Pipe: (null)
Time                 Id Command    Argument
C:\AppServ\MySQL\bin\mysqld, Version: 8.0.17 (MySQL Community Server - GPL). started with:
TCP Port: 3306, Named Pipe: (null)
Time                 Id Command    Argument
C:\AppServ\MySQL\bin\mysqld, Version: 8.0.17 (MySQL Community Server - GPL). started with:
TCP Port: 3306, Named Pipe: (null)
Time                 Id Command    Argument
C:\AppServ\MySQL\bin\mysqld, Version: 8.0.17 (MySQL Community Server - GPL). started with:
TCP Port: 3306, Named Pipe: (null)
Time                 Id Command    Argument
C:\AppServ\MySQL\bin\mysqld, Version: 8.0.17 (MySQL Community Server - GPL). started with:
TCP Port: 3306, Named Pipe: (null)
Time                 Id Command    Argument
C:\AppServ\MySQL\bin\mysqld, Version: 8.0.17 (MySQL Community Server - GPL). started with:
TCP Port: 3306, Named Pipe: (null)
Time                 Id Command    Argument
C:\AppServ\MySQL\bin\mysqld, Version: 8.0.17 (MySQL Community Server - GPL). started with:
TCP Port: 3306, Named Pipe: (null)
Time                 Id Command    Argument
C:\AppServ\MySQL\bin\mysqld, Version: 8.0.17 (MySQL Community Server - GPL). started with:
TCP Port: 3306, Named Pipe: (null)
Time                 Id Command    Argument
C:\AppServ\MySQL\bin\mysqld, Version: 8.0.17 (MySQL Community Server - GPL). started with:
TCP Port: 3306, Named Pipe: (null)
Time                 Id Command    Argument
C:\AppServ\MySQL\bin\mysqld, Version: 8.0.17 (MySQL Community Server - GPL). started with:
TCP Port: 3306, Named Pipe: (null)
Time                 Id Command    Argument
C:\AppServ\MySQL\bin\mysqld, Version: 8.0.17 (MySQL Community Server - GPL). started with:
TCP Port: 3306, Named Pipe: (null)
Time                 Id Command    Argument
C:\AppServ\MySQL\bin\mysqld, Version: 8.0.17 (MySQL Community Server - GPL). started with:
TCP Port: 3306, Named Pipe: (null)
Time                 Id Command    Argument
C:\AppServ\MySQL\bin\mysqld, Version: 8.0.17 (MySQL Community Server - GPL). started with:
TCP Port: 3306, Named Pipe: (null)
Time                 Id Command    Argument
C:\AppServ\MySQL\bin\mysqld, Version: 8.0.17 (MySQL Community Server - GPL). started with:
TCP Port: 3306, Named Pipe: (null)
Time                 Id Command    Argument
C:\AppServ\MySQL\bin\mysqld, Version: 8.0.17 (MySQL Community Server - GPL). started with:
TCP Port: 3306, Named Pipe: (null)
Time                 Id Command    Argument
C:\AppServ\MySQL\bin\mysqld, Version: 8.0.17 (MySQL Community Server - GPL). started with:
TCP Port: 3306, Named Pipe: (null)
Time                 Id Command    Argument
C:\AppServ\MySQL\bin\mysqld, Version: 8.0.17 (MySQL Community Server - GPL). started with:
TCP Port: 3306, Named Pipe: (null)
Time                 Id Command    Argument
C:\AppServ\MySQL\bin\mysqld, Version: 8.0.17 (MySQL Community Server - GPL). started with:
TCP Port: 3306, Named Pipe: (null)
Time                 Id Command    Argument
C:\AppServ\MySQL\bin\mysqld, Version: 8.0.17 (MySQL Community Server - GPL). started with:
TCP Port: 3306, Named Pipe: (null)
Time                 Id Command    Argument
C:\AppServ\MySQL\bin\mysqld, Version: 8.0.17 (MySQL Community Server - GPL). started with:
TCP Port: 3306, Named Pipe: (null)
Time                 Id Command    Argument
C:\AppServ\MySQL\bin\mysqld, Version: 8.0.17 (MySQL Community Server - GPL). started with:
TCP Port: 3306, Named Pipe: (null)
Time                 Id Command    Argument
C:\AppServ\MySQL\bin\mysqld, Version: 8.0.17 (MySQL Community Server - GPL). started with:
TCP Port: 3306, Named Pipe: (null)
Time                 Id Command    Argument
C:\AppServ\MySQL\bin\mysqld, Version: 8.0.17 (MySQL Community Server - GPL). started with:
TCP Port: 3306, Named Pipe: (null)
Time                 Id Command    Argument
C:\AppServ\MySQL\bin\mysqld, Version: 8.0.17 (MySQL Community Server - GPL). started with:
TCP Port: 3306, Named Pipe: (null)
Time                 Id Command    Argument
C:\AppServ\MySQL\bin\mysqld, Version: 8.0.17 (MySQL Community Server - GPL). started with:
TCP Port: 3306, Named Pipe: (null)
Time                 Id Command    Argument
C:\AppServ\MySQL\bin\mysqld, Version: 8.0.17 (MySQL Community Server - GPL). started with:
TCP Port: 3306, Named Pipe: (null)
Time                 Id Command    Argument
C:\AppServ\MySQL\bin\mysqld, Version: 8.0.17 (MySQL Community Server - GPL). started with:
TCP Port: 3306, Named Pipe: (null)
Time                 Id Command    Argument
C:\AppServ\MySQL\bin\mysqld, Version: 8.0.17 (MySQL Community Server - GPL). started with:
TCP Port: 3306, Named Pipe: (null)
Time                 Id Command    Argument
C:\AppServ\MySQL\bin\mysqld, Version: 8.0.17 (MySQL Community Server - GPL). started with:
TCP Port: 3306, Named Pipe: (null)
Time                 Id Command    Argument
C:\AppServ\MySQL\bin\mysqld, Version: 8.0.17 (MySQL Community Server - GPL). started with:
TCP Port: 3306, Named Pipe: (null)
Time                 Id Command    Argument
C:\AppServ\MySQL\bin\mysqld, Version: 8.0.17 (MySQL Community Server - GPL). started with:
TCP Port: 3306, Named Pipe: (null)
Time                 Id Command    Argument
C:\AppServ\MySQL\bin\mysqld, Version: 8.0.17 (MySQL Community Server - GPL). started with:
TCP Port: 3306, Named Pipe: (null)
Time                 Id Command    Argument
C:\AppServ\MySQL\bin\mysqld, Version: 8.0.17 (MySQL Community Server - GPL). started with:
TCP Port: 3306, Named Pipe: (null)
Time                 Id Command    Argument
C:\AppServ\MySQL\bin\mysqld, Version: 8.0.17 (MySQL Community Server - GPL). started with:
TCP Port: 3306, Named Pipe: (null)
Time                 Id Command    Argument
C:\AppServ\MySQL\bin\mysqld, Version: 8.0.17 (MySQL Community Server - GPL). started with:
TCP Port: 3306, Named Pipe: (null)
Time                 Id Command    Argument
C:\AppServ\MySQL\bin\mysqld, Version: 8.0.17 (MySQL Community Server - GPL). started with:
TCP Port: 3306, Named Pipe: (null)
Time                 Id Command    Argument
C:\AppServ\MySQL\bin\mysqld, Version: 8.0.17 (MySQL Community Server - GPL). started with:
TCP Port: 3306, Named Pipe: (null)
Time                 Id Command    Argument
C:\AppServ\MySQL\bin\mysqld, Version: 8.0.17 (MySQL Community Server - GPL). started with:
TCP Port: 3306, Named Pipe: (null)
Time                 Id Command    Argument
C:\AppServ\MySQL\bin\mysqld, Version: 8.0.17 (MySQL Community Server - GPL). started with:
TCP Port: 3306, Named Pipe: (null)
Time                 Id Command    Argument
C:\AppServ\MySQL\bin\mysqld, Version: 8.0.17 (MySQL Community Server - GPL). started with:
TCP Port: 3306, Named Pipe: (null)
Time                 Id Command    Argument
C:\AppServ\MySQL\bin\mysqld, Version: 8.0.17 (MySQL Community Server - GPL). started with:
TCP Port: 3306, Named Pipe: (null)
Time                 Id Command    Argument
C:\AppServ\MySQL\bin\mysqld, Version: 8.0.17 (MySQL Community Server - GPL). started with:
TCP Port: 3306, Named Pipe: (null)
Time                 Id Command    Argument
C:\AppServ\MySQL\bin\mysqld, Version: 8.0.17 (MySQL Community Server - GPL). started with:
TCP Port: 3306, Named Pipe: (null)
Time                 Id Command    Argument
C:\AppServ\MySQL\bin\mysqld, Version: 8.0.17 (MySQL Community Server - GPL). started with:
TCP Port: 3306, Named Pipe: (null)
Time                 Id Command    Argument
C:\AppServ\MySQL\bin\mysqld, Version: 8.0.17 (MySQL Community Server - GPL). started with:
TCP Port: 3306, Named Pipe: (null)
Time                 Id Command    Argument
C:\AppServ\MySQL\bin\mysqld, Version: 8.0.17 (MySQL Community Server - GPL). started with:
TCP Port: 3306, Named Pipe: (null)
Time                 Id Command    Argument
C:\AppServ\MySQL\bin\mysqld, Version: 8.0.17 (MySQL Community Server - GPL). started with:
TCP Port: 3306, Named Pipe: (null)
Time                 Id Command    Argument
C:\AppServ\MySQL\bin\mysqld, Version: 8.0.17 (MySQL Community Server - GPL). started with:
TCP Port: 3306, Named Pipe: (null)
Time                 Id Command    Argument
C:\AppServ\MySQL\bin\mysqld, Version: 8.0.17 (MySQL Community Server - GPL). started with:
TCP Port: 3306, Named Pipe: (null)
Time                 Id Command    Argument
C:\AppServ\MySQL\bin\mysqld, Version: 8.0.17 (MySQL Community Server - GPL). started with:
TCP Port: 3306, Named Pipe: (null)
Time                 Id Command    Argument
C:\AppServ\MySQL\bin\mysqld, Version: 8.0.17 (MySQL Community Server - GPL). started with:
TCP Port: 3306, Named Pipe: (null)
Time                 Id Command    Argument
C:\AppServ\MySQL\bin\mysqld, Version: 8.0.17 (MySQL Community Server - GPL). started with:
TCP Port: 3306, Named Pipe: (null)
Time                 Id Command    Argument
C:\AppServ\MySQL\bin\mysqld, Version: 8.0.17 (MySQL Community Server - GPL). started with:
TCP Port: 3306, Named Pipe: (null)
Time                 Id Command    Argument
C:\AppServ\MySQL\bin\mysqld, Version: 8.0.17 (MySQL Community Server - GPL). started with:
TCP Port: 3306, Named Pipe: (null)
Time                 Id Command    Argument
C:\AppServ\MySQL\bin\mysqld, Version: 8.0.17 (MySQL Community Server - GPL). started with:
TCP Port: 3306, Named Pipe: (null)
Time                 Id Command    Argument
C:\AppServ\MySQL\bin\mysqld, Version: 8.0.17 (MySQL Community Server - GPL). started with:
TCP Port: 3306, Named Pipe: (null)
Time                 Id Command    Argument
C:\AppServ\MySQL\bin\mysqld, Version: 8.0.17 (MySQL Community Server - GPL). started with:
TCP Port: 3306, Named Pipe: (null)
Time                 Id Command    Argument
C:\AppServ\MySQL\bin\mysqld, Version: 8.0.17 (MySQL Community Server - GPL). started with:
TCP Port: 3306, Named Pipe: (null)
Time                 Id Command    Argument
C:\AppServ\MySQL\bin\mysqld, Version: 8.0.17 (MySQL Community Server - GPL). started with:
TCP Port: 3306, Named Pipe: (null)
Time                 Id Command    Argument
C:\AppServ\MySQL\bin\mysqld, Version: 8.0.17 (MySQL Community Server - GPL). started with:
TCP Port: 3306, Named Pipe: (null)
Time                 Id Command    Argument
C:\AppServ\MySQL\bin\mysqld, Version: 8.0.17 (MySQL Community Server - GPL). started with:
TCP Port: 3306, Named Pipe: (null)
Time                 Id Command    Argument
C:\AppServ\MySQL\bin\mysqld, Version: 8.0.17 (MySQL Community Server - GPL). started with:
TCP Port: 3306, Named Pipe: (null)
Time                 Id Command    Argument
C:\AppServ\MySQL\bin\mysqld, Version: 8.0.17 (MySQL Community Server - GPL). started with:
TCP Port: 3306, Named Pipe: (null)
Time                 Id Command    Argument
C:\AppServ\MySQL\bin\mysqld, Version: 8.0.17 (MySQL Community Server - GPL). started with:
TCP Port: 3306, Named Pipe: (null)
Time                 Id Command    Argument
C:\AppServ\MySQL\bin\mysqld, Version: 8.0.17 (MySQL Community Server - GPL). started with:
TCP Port: 3306, Named Pipe: (null)
Time                 Id Command    Argument
C:\AppServ\MySQL\bin\mysqld, Version: 8.0.17 (MySQL Community Server - GPL). started with:
TCP Port: 3306, Named Pipe: (null)
Time                 Id Command    Argument
C:\AppServ\MySQL\bin\mysqld, Version: 8.0.17 (MySQL Community Server - GPL). started with:
TCP Port: 3306, Named Pipe: (null)
Time                 Id Command    Argument
C:\AppServ\MySQL\bin\mysqld, Version: 8.0.17 (MySQL Community Server - GPL). started with:
TCP Port: 3306, Named Pipe: (null)
Time                 Id Command    Argument
C:\AppServ\MySQL\bin\mysqld, Version: 8.0.17 (MySQL Community Server - GPL). started with:
TCP Port: 3306, Named Pipe: (null)
Time                 Id Command    Argument
C:\AppServ\MySQL\bin\mysqld, Version: 8.0.17 (MySQL Community Server - GPL). started with:
TCP Port: 3306, Named Pipe: (null)
Time                 Id Command    Argument
C:\AppServ\MySQL\bin\mysqld, Version: 8.0.17 (MySQL Community Server - GPL). started with:
TCP Port: 3306, Named Pipe: (null)
Time                 Id Command    Argument
C:\AppServ\MySQL\bin\mysqld, Version: 8.0.17 (MySQL Community Server - GPL). started with:
TCP Port: 3306, Named Pipe: (null)
Time                 Id Command    Argument
C:\AppServ\MySQL\bin\mysqld, Version: 8.0.17 (MySQL Community Server - GPL). started with:
TCP Port: 3306, Named Pipe: (null)
Time                 Id Command    Argument
C:\AppServ\MySQL\bin\mysqld, Version: 8.0.17 (MySQL Community Server - GPL). started with:
TCP Port: 3306, Named Pipe: (null)
Time                 Id Command    Argument
C:\AppServ\MySQL\bin\mysqld, Version: 8.0.17 (MySQL Community Server - GPL). started with:
TCP Port: 3306, Named Pipe: (null)
Time                 Id Command    Argument
C:\AppServ\MySQL\bin\mysqld, Version: 8.0.17 (MySQL Community Server - GPL). started with:
TCP Port: 3306, Named Pipe: (null)
Time                 Id Command    Argument
C:\AppServ\MySQL\bin\mysqld, Version: 8.0.17 (MySQL Community Server - GPL). started with:
TCP Port: 3306, Named Pipe: (null)
Time                 Id Command    Argument
C:\AppServ\MySQL\bin\mysqld, Version: 8.0.17 (MySQL Community Server - GPL). started with:
TCP Port: 3306, Named Pipe: (null)
Time                 Id Command    Argument
C:\AppServ\MySQL\bin\mysqld, Version: 8.0.17 (MySQL Community Server - GPL). started with:
TCP Port: 3306, Named Pipe: (null)
Time                 Id Command    Argument
C:\AppServ\MySQL\bin\mysqld, Version: 8.0.17 (MySQL Community Server - GPL). started with:
TCP Port: 3306, Named Pipe: (null)
Time                 Id Command    Argument
C:\AppServ\MySQL\bin\mysqld, Version: 8.0.17 (MySQL Community Server - GPL). started with:
TCP Port: 3306, Named Pipe: (null)
Time                 Id Command    Argument
C:\AppServ\MySQL\bin\mysqld, Version: 8.0.17 (MySQL Community Server - GPL). started with:
TCP Port: 3306, Named Pipe: (null)
Time                 Id Command    Argument
C:\AppServ\MySQL\bin\mysqld, Version: 8.0.17 (MySQL Community Server - GPL). started with:
TCP Port: 3306, Named Pipe: (null)
Time                 Id Command    Argument
C:\AppServ\MySQL\bin\mysqld, Version: 8.0.17 (MySQL Community Server - GPL). started with:
TCP Port: 3306, Named Pipe: (null)
Time                 Id Command    Argument
C:\AppServ\MySQL\bin\mysqld, Version: 8.0.17 (MySQL Community Server - GPL). started with:
TCP Port: 3306, Named Pipe: (null)
Time                 Id Command    Argument
C:\AppServ\MySQL\bin\mysqld, Version: 8.0.17 (MySQL Community Server - GPL). started with:
TCP Port: 3306, Named Pipe: (null)
Time                 Id Command    Argument
C:\AppServ\MySQL\bin\mysqld, Version: 8.0.17 (MySQL Community Server - GPL). started with:
TCP Port: 3306, Named Pipe: (null)
Time                 Id Command    Argument
C:\AppServ\MySQL\bin\mysqld, Version: 8.0.17 (MySQL Community Server - GPL). started with:
TCP Port: 3306, Named Pipe: (null)
Time                 Id Command    Argument
C:\AppServ\MySQL\bin\mysqld, Version: 8.0.17 (MySQL Community Server - GPL). started with:
TCP Port: 3306, Named Pipe: (null)
Time                 Id Command    Argument
C:\AppServ\MySQL\bin\mysqld, Version: 8.0.17 (MySQL Community Server - GPL). started with:
TCP Port: 3306, Named Pipe: (null)
Time                 Id Command    Argument
C:\AppServ\MySQL\bin\mysqld, Version: 8.0.17 (MySQL Community Server - GPL). started with:
TCP Port: 3306, Named Pipe: (null)
Time                 Id Command    Argument
C:\AppServ\MySQL\bin\mysqld, Version: 8.0.17 (MySQL Community Server - GPL). started with:
TCP Port: 3306, Named Pipe: (null)
Time                 Id Command    Argument
C:\AppServ\MySQL\bin\mysqld, Version: 8.0.17 (MySQL Community Server - GPL). started with:
TCP Port: 3306, Named Pipe: (null)
Time                 Id Command    Argument
C:\AppServ\MySQL\bin\mysqld, Version: 8.0.17 (MySQL Community Server - GPL). started with:
TCP Port: 3306, Named Pipe: (null)
Time                 Id Command    Argument
C:\AppServ\MySQL\bin\mysqld, Version: 8.0.17 (MySQL Community Server - GPL). started with:
TCP Port: 3306, Named Pipe: (null)
Time                 Id Command    Argument
C:\AppServ\MySQL\bin\mysqld, Version: 8.0.17 (MySQL Community Server - GPL). started with:
TCP Port: 3306, Named Pipe: (null)
Time                 Id Command    Argument
C:\AppServ\MySQL\bin\mysqld, Version: 8.0.17 (MySQL Community Server - GPL). started with:
TCP Port: 3306, Named Pipe: (null)
Time                 Id Command    Argument
C:\AppServ\MySQL\bin\mysqld, Version: 8.0.17 (MySQL Community Server - GPL). started with:
TCP Port: 3306, Named Pipe: (null)
Time                 Id Command    Argument
C:\AppServ\MySQL\bin\mysqld, Version: 8.0.17 (MySQL Community Server - GPL). started with:
TCP Port: 3306, Named Pipe: (null)
Time                 Id Command    Argument
C:\AppServ\MySQL\bin\mysqld, Version: 8.0.17 (MySQL Community Server - GPL). started with:
TCP Port: 3306, Named Pipe: (null)
Time                 Id Command    Argument
C:\AppServ\MySQL\bin\mysqld, Version: 8.0.17 (MySQL Community Server - GPL). started with:
TCP Port: 3306, Named Pipe: (null)
Time                 Id Command    Argument
C:\AppServ\MySQL\bin\mysqld, Version: 8.0.17 (MySQL Community Server - GPL). started with:
TCP Port: 3306, Named Pipe: (null)
Time                 Id Command    Argument
C:\AppServ\MySQL\bin\mysqld, Version: 8.0.17 (MySQL Community Server - GPL). started with:
TCP Port: 3306, Named Pipe: (null)
Time                 Id Command    Argument
C:\AppServ\MySQL\bin\mysqld, Version: 8.0.17 (MySQL Community Server - GPL). started with:
TCP Port: 3306, Named Pipe: (null)
Time                 Id Command    Argument
C:\AppServ\MySQL\bin\mysqld, Version: 8.0.17 (MySQL Community Server - GPL). started with:
TCP Port: 3306, Named Pipe: (null)
Time                 Id Command    Argument
C:\AppServ\MySQL\bin\mysqld, Version: 8.0.17 (MySQL Community Server - GPL). started with:
TCP Port: 3306, Named Pipe: (null)
Time                 Id Command    Argument
C:\AppServ\MySQL\bin\mysqld, Version: 8.0.17 (MySQL Community Server - GPL). started with:
TCP Port: 3306, Named Pipe: (null)
Time                 Id Command    Argument
C:\AppServ\MySQL\bin\mysqld, Version: 8.0.17 (MySQL Community Server - GPL). started with:
TCP Port: 3306, Named Pipe: (null)
Time                 Id Command    Argument
C:\AppServ\MySQL\bin\mysqld, Version: 8.0.17 (MySQL Community Server - GPL). started with:
TCP Port: 3306, Named Pipe: (null)
Time                 Id Command    Argument
C:\AppServ\MySQL\bin\mysqld, Version: 8.0.17 (MySQL Community Server - GPL). started with:
TCP Port: 3306, Named Pipe: (null)
Time                 Id Command    Argument
C:\AppServ\MySQL\bin\mysqld, Version: 8.0.17 (MySQL Community Server - GPL). started with:
TCP Port: 3306, Named Pipe: (null)
Time                 Id Command    Argument
C:\AppServ\MySQL\bin\mysqld, Version: 8.0.17 (MySQL Community Server - GPL). started with:
TCP Port: 3306, Named Pipe: (null)
Time                 Id Command    Argument
C:\AppServ\MySQL\bin\mysqld, Version: 8.0.17 (MySQL Community Server - GPL). started with:
TCP Port: 3306, Named Pipe: (null)
Time                 Id Command    Argument
C:\AppServ\MySQL\bin\mysqld, Version: 8.0.17 (MySQL Community Server - GPL). started with:
TCP Port: 3306, Named Pipe: (null)
Time                 Id Command    Argument
C:\AppServ\MySQL\bin\mysqld, Version: 8.0.17 (MySQL Community Server - GPL). started with:
TCP Port: 3306, Named Pipe: (null)
Time                 Id Command    Argument
C:\AppServ\MySQL\bin\mysqld, Version: 8.0.17 (MySQL Community Server - GPL). started with:
TCP Port: 3306, Named Pipe: (null)
Time                 Id Command    Argument
C:\AppServ\MySQL\bin\mysqld, Version: 8.0.17 (MySQL Community Server - GPL). started with:
TCP Port: 3306, Named Pipe: (null)
Time                 Id Command    Argument
C:\AppServ\MySQL\bin\mysqld, Version: 8.0.17 (MySQL Community Server - GPL). started with:
TCP Port: 3306, Named Pipe: (null)
Time                 Id Command    Argument
C:\AppServ\MySQL\bin\mysqld, Version: 8.0.17 (MySQL Community Server - GPL). started with:
TCP Port: 3306, Named Pipe: (null)
Time                 Id Command    Argument
C:\AppServ\MySQL\bin\mysqld, Version: 8.0.17 (MySQL Community Server - GPL). started with:
TCP Port: 3306, Named Pipe: (null)
Time                 Id Command    Argument
C:\AppServ\MySQL\bin\mysqld, Version: 8.0.17 (MySQL Community Server - GPL). started with:
TCP Port: 3306, Named Pipe: (null)
Time                 Id Command    Argument
C:\AppServ\MySQL\bin\mysqld, Version: 8.0.17 (MySQL Community Server - GPL). started with:
TCP Port: 3306, Named Pipe: (null)
Time                 Id Command    Argument
C:\AppServ\MySQL\bin\mysqld, Version: 8.0.17 (MySQL Community Server - GPL). started with:
TCP Port: 3306, Named Pipe: (null)
Time                 Id Command    Argument
C:\AppServ\MySQL\bin\mysqld, Version: 8.0.17 (MySQL Community Server - GPL). started with:
TCP Port: 3306, Named Pipe: (null)
Time                 Id Command    Argument
C:\AppServ\MySQL\bin\mysqld, Version: 8.0.17 (MySQL Community Server - GPL). started with:
TCP Port: 3306, Named Pipe: (null)
Time                 Id Command    Argument
C:\AppServ\MySQL\bin\mysqld, Version: 8.0.17 (MySQL Community Server - GPL). started with:
TCP Port: 3306, Named Pipe: (null)
Time                 Id Command    Argument
C:\AppServ\MySQL\bin\mysqld, Version: 8.0.17 (MySQL Community Server - GPL). started with:
TCP Port: 3306, Named Pipe: (null)
Time                 Id Command    Argument
C:\AppServ\MySQL\bin\mysqld, Version: 8.0.17 (MySQL Community Server - GPL). started with:
TCP Port: 3306, Named Pipe: (null)
Time                 Id Command    Argument
C:\AppServ\MySQL\bin\mysqld, Version: 8.0.17 (MySQL Community Server - GPL). started with:
TCP Port: 3306, Named Pipe: (null)
Time                 Id Command    Argument
C:\AppServ\MySQL\bin\mysqld, Version: 8.0.17 (MySQL Community Server - GPL). started with:
TCP Port: 3306, Named Pipe: (null)
Time                 Id Command    Argument
C:\AppServ\MySQL\bin\mysqld, Version: 8.0.17 (MySQL Community Server - GPL). started with:
TCP Port: 3306, Named Pipe: (null)
Time                 Id Command    Argument
C:\AppServ\MySQL\bin\mysqld, Version: 8.0.17 (MySQL Community Server - GPL). started with:
TCP Port: 3306, Named Pipe: (null)
Time                 Id Command    Argument
C:\AppServ\MySQL\bin\mysqld, Version: 8.0.17 (MySQL Community Server - GPL). started with:
TCP Port: 3306, Named Pipe: (null)
Time                 Id Command    Argument
C:\AppServ\MySQL\bin\mysqld, Version: 8.0.17 (MySQL Community Server - GPL). started with:
TCP Port: 3306, Named Pipe: (null)
Time                 Id Command    Argument
C:\AppServ\MySQL\bin\mysqld, Version: 8.0.17 (MySQL Community Server - GPL). started with:
TCP Port: 3306, Named Pipe: (null)
Time                 Id Command    Argument
C:\AppServ\MySQL\bin\mysqld, Version: 8.0.17 (MySQL Community Server - GPL). started with:
TCP Port: 3306, Named Pipe: (null)
Time                 Id Command    Argument
C:\AppServ\MySQL\bin\mysqld, Version: 8.0.17 (MySQL Community Server - GPL). started with:
TCP Port: 3306, Named Pipe: (null)
Time                 Id Command    Argument
C:\AppServ\MySQL\bin\mysqld, Version: 8.0.17 (MySQL Community Server - GPL). started with:
TCP Port: 3306, Named Pipe: (null)
Time                 Id Command    Argument
C:\AppServ\MySQL\bin\mysqld, Version: 8.0.17 (MySQL Community Server - GPL). started with:
TCP Port: 3306, Named Pipe: (null)
Time                 Id Command    Argument
C:\AppServ\MySQL\bin\mysqld, Version: 8.0.17 (MySQL Community Server - GPL). started with:
TCP Port: 3306, Named Pipe: (null)
Time                 Id Command    Argument
C:\AppServ\MySQL\bin\mysqld, Version: 8.0.17 (MySQL Community Server - GPL). started with:
TCP Port: 3306, Named Pipe: (null)
Time                 Id Command    Argument
C:\AppServ\MySQL\bin\mysqld, Version: 8.0.17 (MySQL Community Server - GPL). started with:
TCP Port: 3306, Named Pipe: (null)
Time                 Id Command    Argument
C:\AppServ\MySQL\bin\mysqld, Version: 8.0.17 (MySQL Community Server - GPL). started with:
TCP Port: 3306, Named Pipe: (null)
Time                 Id Command    Argument
C:\AppServ\MySQL\bin\mysqld, Version: 8.0.17 (MySQL Community Server - GPL). started with:
TCP Port: 3306, Named Pipe: (null)
Time                 Id Command    Argument
C:\AppServ\MySQL\bin\mysqld, Version: 8.0.17 (MySQL Community Server - GPL). started with:
TCP Port: 3306, Named Pipe: (null)
Time                 Id Command    Argument
C:\AppServ\MySQL\bin\mysqld, Version: 8.0.17 (MySQL Community Server - GPL). started with:
TCP Port: 3306, Named Pipe: (null)
Time                 Id Command    Argument
C:\AppServ\MySQL\bin\mysqld, Version: 8.0.17 (MySQL Community Server - GPL). started with:
TCP Port: 3306, Named Pipe: (null)
Time                 Id Command    Argument
C:\AppServ\MySQL\bin\mysqld, Version: 8.0.17 (MySQL Community Server - GPL). started with:
TCP Port: 3306, Named Pipe: (null)
Time                 Id Command    Argument
C:\AppServ\MySQL\bin\mysqld, Version: 8.0.17 (MySQL Community Server - GPL). started with:
TCP Port: 3306, Named Pipe: (null)
Time                 Id Command    Argument
C:\AppServ\MySQL\bin\mysqld, Version: 8.0.17 (MySQL Community Server - GPL). started with:
TCP Port: 3306, Named Pipe: (null)
Time                 Id Command    Argument
C:\AppServ\MySQL\bin\mysqld, Version: 8.0.17 (MySQL Community Server - GPL). started with:
TCP Port: 3306, Named Pipe: (null)
Time                 Id Command    Argument
C:\AppServ\MySQL\bin\mysqld, Version: 8.0.17 (MySQL Community Server - GPL). started with:
TCP Port: 3306, Named Pipe: (null)
Time                 Id Command    Argument
C:\AppServ\MySQL\bin\mysqld, Version: 8.0.17 (MySQL Community Server - GPL). started with:
TCP Port: 3306, Named Pipe: (null)
Time                 Id Command    Argument
C:\AppServ\MySQL\bin\mysqld, Version: 8.0.17 (MySQL Community Server - GPL). started with:
TCP Port: 3306, Named Pipe: (null)
Time                 Id Command    Argument
C:\AppServ\MySQL\bin\mysqld, Version: 8.0.17 (MySQL Community Server - GPL). started with:
TCP Port: 3306, Named Pipe: (null)
Time                 Id Command    Argument
C:\AppServ\MySQL\bin\mysqld, Version: 8.0.17 (MySQL Community Server - GPL). started with:
TCP Port: 3306, Named Pipe: (null)
Time                 Id Command    Argument
C:\AppServ\MySQL\bin\mysqld, Version: 8.0.17 (MySQL Community Server - GPL). started with:
TCP Port: 3306, Named Pipe: (null)
Time                 Id Command    Argument
C:\AppServ\MySQL\bin\mysqld, Version: 8.0.17 (MySQL Community Server - GPL). started with:
TCP Port: 3306, Named Pipe: (null)
Time                 Id Command    Argument
C:\AppServ\MySQL\bin\mysqld, Version: 8.0.17 (MySQL Community Server - GPL). started with:
TCP Port: 3306, Named Pipe: (null)
Time                 Id Command    Argument
C:\AppServ\MySQL\bin\mysqld, Version: 8.0.17 (MySQL Community Server - GPL). started with:
TCP Port: 3306, Named Pipe: (null)
Time                 Id Command    Argument
C:\AppServ\MySQL\bin\mysqld, Version: 8.0.17 (MySQL Community Server - GPL). started with:
TCP Port: 3306, Named Pipe: (null)
Time                 Id Command    Argument
C:\AppServ\MySQL\bin\mysqld, Version: 8.0.17 (MySQL Community Server - GPL). started with:
TCP Port: 3306, Named Pipe: (null)
Time                 Id Command    Argument
C:\AppServ\MySQL\bin\mysqld, Version: 8.0.17 (MySQL Community Server - GPL). started with:
TCP Port: 3306, Named Pipe: (null)
Time                 Id Command    Argument
C:\AppServ\MySQL\bin\mysqld, Version: 8.0.17 (MySQL Community Server - GPL). started with:
TCP Port: 3306, Named Pipe: (null)
Time                 Id Command    Argument
C:\AppServ\MySQL\bin\mysqld, Version: 8.0.17 (MySQL Community Server - GPL). started with:
TCP Port: 3306, Named Pipe: (null)
Time                 Id Command    Argument
C:\AppServ\MySQL\bin\mysqld, Version: 8.0.17 (MySQL Community Server - GPL). started with:
TCP Port: 3306, Named Pipe: (null)
Time                 Id Command    Argument
C:\AppServ\MySQL\bin\mysqld, Version: 8.0.17 (MySQL Community Server - GPL). started with:
TCP Port: 3306, Named Pipe: (null)
Time                 Id Command    Argument
C:\AppServ\MySQL\bin\mysqld, Version: 8.0.17 (MySQL Community Server - GPL). started with:
TCP Port: 3306, Named Pipe: (null)
Time                 Id Command    Argument
C:\AppServ\MySQL\bin\mysqld, Version: 8.0.17 (MySQL Community Server - GPL). started with:
TCP Port: 3306, Named Pipe: (null)
Time                 Id Command    Argument
C:\AppServ\MySQL\bin\mysqld, Version: 8.0.17 (MySQL Community Server - GPL). started with:
TCP Port: 3306, Named Pipe: (null)
Time                 Id Command    Argument
C:\AppServ\MySQL\bin\mysqld, Version: 8.0.17 (MySQL Community Server - GPL). started with:
TCP Port: 3306, Named Pipe: (null)
Time                 Id Command    Argument
C:\AppServ\MySQL\bin\mysqld, Version: 8.0.17 (MySQL Community Server - GPL). started with:
TCP Port: 3306, Named Pipe: (null)
Time                 Id Command    Argument
C:\AppServ\MySQL\bin\mysqld, Version: 8.0.17 (MySQL Community Server - GPL). started with:
TCP Port: 3306, Named Pipe: (null)
Time                 Id Command    Argument
C:\AppServ\MySQL\bin\mysqld, Version: 8.0.17 (MySQL Community Server - GPL). started with:
TCP Port: 3306, Named Pipe: (null)
Time                 Id Command    Argument
C:\AppServ\MySQL\bin\mysqld, Version: 8.0.17 (MySQL Community Server - GPL). started with:
TCP Port: 3306, Named Pipe: (null)
Time                 Id Command    Argument
C:\AppServ\MySQL\bin\mysqld, Version: 8.0.17 (MySQL Community Server - GPL). started with:
TCP Port: 3306, Named Pipe: (null)
Time                 Id Command    Argument
C:\AppServ\MySQL\bin\mysqld, Version: 8.0.17 (MySQL Community Server - GPL). started with:
TCP Port: 3306, Named Pipe: (null)
Time                 Id Command    Argument
C:\AppServ\MySQL\bin\mysqld, Version: 8.0.17 (MySQL Community Server - GPL). started with:
TCP Port: 3306, Named Pipe: (null)
Time                 Id Command    Argument
C:\AppServ\MySQL\bin\mysqld, Version: 8.0.17 (MySQL Community Server - GPL). started with:
TCP Port: 3306, Named Pipe: (null)
Time                 Id Command    Argument
C:\AppServ\MySQL\bin\mysqld, Version: 8.0.17 (MySQL Community Server - GPL). started with:
TCP Port: 3306, Named Pipe: (null)
Time                 Id Command    Argument
C:\AppServ\MySQL\bin\mysqld, Version: 8.0.17 (MySQL Community Server - GPL). started with:
TCP Port: 3306, Named Pipe: (null)
Time                 Id Command    Argument
C:\AppServ\MySQL\bin\mysqld, Version: 8.0.17 (MySQL Community Server - GPL). started with:
TCP Port: 3306, Named Pipe: (null)
Time                 Id Command    Argument
C:\AppServ\MySQL\bin\mysqld, Version: 8.0.17 (MySQL Community Server - GPL). started with:
TCP Port: 3306, Named Pipe: (null)
Time                 Id Command    Argument
C:\AppServ\MySQL\bin\mysqld, Version: 8.0.17 (MySQL Community Server - GPL). started with:
TCP Port: 3306, Named Pipe: (null)
Time                 Id Command    Argument
C:\AppServ\MySQL\bin\mysqld, Version: 8.0.17 (MySQL Community Server - GPL). started with:
TCP Port: 3306, Named Pipe: (null)
Time                 Id Command    Argument
C:\AppServ\MySQL\bin\mysqld, Version: 8.0.17 (MySQL Community Server - GPL). started with:
TCP Port: 3306, Named Pipe: (null)
Time                 Id Command    Argument
C:\AppServ\MySQL\bin\mysqld, Version: 8.0.17 (MySQL Community Server - GPL). started with:
TCP Port: 3306, Named Pipe: (null)
Time                 Id Command    Argument
C:\AppServ\MySQL\bin\mysqld, Version: 8.0.17 (MySQL Community Server - GPL). started with:
TCP Port: 3306, Named Pipe: (null)
Time                 Id Command    Argument
C:\AppServ\MySQL\bin\mysqld, Version: 8.0.17 (MySQL Community Server - GPL). started with:
TCP Port: 3306, Named Pipe: (null)
Time                 Id Command    Argument
C:\AppServ\MySQL\bin\mysqld, Version: 8.0.17 (MySQL Community Server - GPL). started with:
TCP Port: 3306, Named Pipe: (null)
Time                 Id Command    Argument
C:\AppServ\MySQL\bin\mysqld, Version: 8.0.17 (MySQL Community Server - GPL). started with:
TCP Port: 3306, Named Pipe: (null)
Time                 Id Command    Argument
C:\AppServ\MySQL\bin\mysqld, Version: 8.0.17 (MySQL Community Server - GPL). started with:
TCP Port: 3306, Named Pipe: (null)
Time                 Id Command    Argument
C:\AppServ\MySQL\bin\mysqld, Version: 8.0.17 (MySQL Community Server - GPL). started with:
TCP Port: 3306, Named Pipe: (null)
Time                 Id Command    Argument
C:\AppServ\MySQL\bin\mysqld, Version: 8.0.17 (MySQL Community Server - GPL). started with:
TCP Port: 3306, Named Pipe: (null)
Time                 Id Command    Argument
C:\AppServ\MySQL\bin\mysqld, Version: 8.0.17 (MySQL Community Server - GPL). started with:
TCP Port: 3306, Named Pipe: (null)
Time                 Id Command    Argument
C:\AppServ\MySQL\bin\mysqld, Version: 8.0.17 (MySQL Community Server - GPL). started with:
TCP Port: 3306, Named Pipe: (null)
Time                 Id Command    Argument
C:\AppServ\MySQL\bin\mysqld, Version: 8.0.17 (MySQL Community Server - GPL). started with:
TCP Port: 3306, Named Pipe: (null)
Time                 Id Command    Argument
C:\AppServ\MySQL\bin\mysqld, Version: 8.0.17 (MySQL Community Server - GPL). started with:
TCP Port: 3306, Named Pipe: (null)
Time                 Id Command    Argument
C:\AppServ\MySQL\bin\mysqld, Version: 8.0.17 (MySQL Community Server - GPL). started with:
TCP Port: 3306, Named Pipe: (null)
Time                 Id Command    Argument
C:\AppServ\MySQL\bin\mysqld, Version: 8.0.17 (MySQL Community Server - GPL). started with:
TCP Port: 3306, Named Pipe: (null)
Time                 Id Command    Argument
C:\AppServ\MySQL\bin\mysqld, Version: 8.0.17 (MySQL Community Server - GPL). started with:
TCP Port: 3306, Named Pipe: (null)
Time                 Id Command    Argument
C:\AppServ\MySQL\bin\mysqld, Version: 8.0.17 (MySQL Community Server - GPL). started with:
TCP Port: 3306, Named Pipe: (null)
Time                 Id Command    Argument
C:\AppServ\MySQL\bin\mysqld, Version: 8.0.17 (MySQL Community Server - GPL). started with:
TCP Port: 3306, Named Pipe: (null)
Time                 Id Command    Argument
# Time: 2020-07-14T03:22:51.718100Z
# User@Host: root[root] @ localhost [127.0.0.1]  Id:    11
# Query_time: 10.311508  Lock_time: 0.000587 Rows_sent: 0  Rows_examined: 0
use customer;
SET timestamp=1594696961;
CREATE TABLE customer (
  cus_id int(16) NOT NULL auto_increment,
  cus_name varchar(255) default NULL,
  cus_sex varchar(255) default NULL,
  cus_addr varchar(255) default NULL,
  cus_tel varchar(255) default NULL,
  cus_email varchar(255) default NULL,
  cus_member_id varchar(255) default NULL,
  cus_point varchar(255) default NULL,
  cus_discount varchar(255) default NULL,
  cus_remark varchar(255) default NULL,
  cus_date_save datetime default NULL,
  cus_date_exp datetime default NULL,
  cus_last_update datetime default NULL,
  cus_type varchar(255) default '',
  cus_status varchar(255) default '',
  cus_tax varchar(255) default NULL,
  cus_program_exp varchar(255) default NULL,
  cus_contact varchar(255) default NULL,
  PRIMARY KEY  (`cus_id`)
) ENGINE=MyISAM DEFAULT CHARSET=utf8;
C:\AppServ\MySQL\bin\mysqld, Version: 8.0.17 (MySQL Community Server - GPL). started with:
TCP Port: 3306, Named Pipe: (null)
Time                 Id Command    Argument
C:\AppServ\MySQL\bin\mysqld, Version: 8.0.17 (MySQL Community Server - GPL). started with:
TCP Port: 3306, Named Pipe: (null)
Time                 Id Command    Argument
C:\AppServ\MySQL\bin\mysqld, Version: 8.0.17 (MySQL Community Server - GPL). started with:
TCP Port: 3306, Named Pipe: (null)
Time                 Id Command    Argument
C:\AppServ\MySQL\bin\mysqld, Version: 8.0.17 (MySQL Community Server - GPL). started with:
TCP Port: 3306, Named Pipe: (null)
Time                 Id Command    Argument
C:\AppServ\MySQL\bin\mysqld, Version: 8.0.17 (MySQL Community Server - GPL). started with:
TCP Port: 3306, Named Pipe: (null)
Time                 Id Command    Argument
C:\AppServ\MySQL\bin\mysqld, Version: 8.0.17 (MySQL Community Server - GPL). started with:
TCP Port: 3306, Named Pipe: (null)
Time                 Id Command    Argument
C:\AppServ\MySQL\bin\mysqld, Version: 8.0.17 (MySQL Community Server - GPL). started with:
TCP Port: 3306, Named Pipe: (null)
Time                 Id Command    Argument
C:\AppServ\MySQL\bin\mysqld, Version: 8.0.17 (MySQL Community Server - GPL). started with:
TCP Port: 3306, Named Pipe: (null)
Time                 Id Command    Argument
C:\AppServ\MySQL\bin\mysqld, Version: 8.0.17 (MySQL Community Server - GPL). started with:
TCP Port: 3306, Named Pipe: (null)
Time                 Id Command    Argument
C:\AppServ\MySQL\bin\mysqld, Version: 8.0.17 (MySQL Community Server - GPL). started with:
TCP Port: 3306, Named Pipe: (null)
Time                 Id Command    Argument
C:\AppServ\MySQL\bin\mysqld, Version: 8.0.17 (MySQL Community Server - GPL). started with:
TCP Port: 3306, Named Pipe: (null)
Time                 Id Command    Argument
C:\AppServ\MySQL\bin\mysqld, Version: 8.0.17 (MySQL Community Server - GPL). started with:
TCP Port: 3306, Named Pipe: (null)
Time                 Id Command    Argument
C:\AppServ\MySQL\bin\mysqld, Version: 8.0.17 (MySQL Community Server - GPL). started with:
TCP Port: 3306, Named Pipe: (null)
Time                 Id Command    Argument
C:\AppServ\MySQL\bin\mysqld, Version: 8.0.17 (MySQL Community Server - GPL). started with:
TCP Port: 3306, Named Pipe: (null)
Time                 Id Command    Argument
C:\AppServ\MySQL\bin\mysqld, Version: 8.0.17 (MySQL Community Server - GPL). started with:
TCP Port: 3306, Named Pipe: (null)
Time                 Id Command    Argument
C:\AppServ\MySQL\bin\mysqld, Version: 8.0.17 (MySQL Community Server - GPL). started with:
TCP Port: 3306, Named Pipe: (null)
Time                 Id Command    Argument
C:\AppServ\MySQL\bin\mysqld, Version: 8.0.17 (MySQL Community Server - GPL). started with:
TCP Port: 3306, Named Pipe: (null)
Time                 Id Command    Argument
C:\AppServ\MySQL\bin\mysqld, Version: 8.0.17 (MySQL Community Server - GPL). started with:
TCP Port: 3306, Named Pipe: (null)
Time                 Id Command    Argument
C:\AppServ\MySQL\bin\mysqld, Version: 8.0.17 (MySQL Community Server - GPL). started with:
TCP Port: 3306, Named Pipe: (null)
Time                 Id Command    Argument
C:\AppServ\MySQL\bin\mysqld, Version: 8.0.17 (MySQL Community Server - GPL). started with:
TCP Port: 3306, Named Pipe: (null)
Time                 Id Command    Argument
C:\AppServ\MySQL\bin\mysqld, Version: 8.0.17 (MySQL Community Server - GPL). started with:
TCP Port: 3306, Named Pipe: (null)
Time                 Id Command    Argument
C:\AppServ\MySQL\bin\mysqld, Version: 8.0.17 (MySQL Community Server - GPL). started with:
TCP Port: 3306, Named Pipe: (null)
Time                 Id Command    Argument
C:\AppServ\MySQL\bin\mysqld, Version: 8.0.17 (MySQL Community Server - GPL). started with:
TCP Port: 3306, Named Pipe: (null)
Time                 Id Command    Argument
C:\AppServ\MySQL\bin\mysqld, Version: 8.0.17 (MySQL Community Server - GPL). started with:
TCP Port: 3306, Named Pipe: (null)
Time                 Id Command    Argument
C:\AppServ\MySQL\bin\mysqld, Version: 8.0.17 (MySQL Community Server - GPL). started with:
TCP Port: 3306, Named Pipe: (null)
Time                 Id Command    Argument
C:\AppServ\MySQL\bin\mysqld, Version: 8.0.17 (MySQL Community Server - GPL). started with:
TCP Port: 3306, Named Pipe: (null)
Time                 Id Command    Argument
C:\AppServ\MySQL\bin\mysqld, Version: 8.0.17 (MySQL Community Server - GPL). started with:
TCP Port: 3306, Named Pipe: (null)
Time                 Id Command    Argument
C:\AppServ\MySQL\bin\mysqld, Version: 8.0.17 (MySQL Community Server - GPL). started with:
TCP Port: 3306, Named Pipe: (null)
Time                 Id Command    Argument
C:\AppServ\MySQL\bin\mysqld, Version: 8.0.17 (MySQL Community Server - GPL). started with:
TCP Port: 3306, Named Pipe: (null)
Time                 Id Command    Argument
C:\AppServ\MySQL\bin\mysqld, Version: 8.0.17 (MySQL Community Server - GPL). started with:
TCP Port: 3306, Named Pipe: (null)
Time                 Id Command    Argument
C:\AppServ\MySQL\bin\mysqld, Version: 8.0.17 (MySQL Community Server - GPL). started with:
TCP Port: 3306, Named Pipe: (null)
Time                 Id Command    Argument
C:\AppServ\MySQL\bin\mysqld, Version: 8.0.17 (MySQL Community Server - GPL). started with:
TCP Port: 3306, Named Pipe: (null)
Time                 Id Command    Argument
C:\AppServ\MySQL\bin\mysqld, Version: 8.0.17 (MySQL Community Server - GPL). started with:
TCP Port: 3306, Named Pipe: (null)
Time                 Id Command    Argument
C:\AppServ\MySQL\bin\mysqld, Version: 8.0.17 (MySQL Community Server - GPL). started with:
TCP Port: 3306, Named Pipe: (null)
Time                 Id Command    Argument
C:\AppServ\MySQL\bin\mysqld, Version: 8.0.17 (MySQL Community Server - GPL). started with:
TCP Port: 3306, Named Pipe: (null)
Time                 Id Command    Argument
C:\AppServ\MySQL\bin\mysqld, Version: 8.0.17 (MySQL Community Server - GPL). started with:
TCP Port: 3306, Named Pipe: (null)
Time                 Id Command    Argument
C:\AppServ\MySQL\bin\mysqld, Version: 8.0.17 (MySQL Community Server - GPL). started with:
TCP Port: 3306, Named Pipe: (null)
Time                 Id Command    Argument
C:\AppServ\MySQL\bin\mysqld, Version: 8.0.17 (MySQL Community Server - GPL). started with:
TCP Port: 3306, Named Pipe: (null)
Time                 Id Command    Argument
C:\AppServ\MySQL\bin\mysqld, Version: 8.0.17 (MySQL Community Server - GPL). started with:
TCP Port: 3306, Named Pipe: (null)
Time                 Id Command    Argument
C:\AppServ\MySQL\bin\mysqld, Version: 8.0.17 (MySQL Community Server - GPL). started with:
TCP Port: 3306, Named Pipe: (null)
Time                 Id Command    Argument
C:\AppServ\MySQL\bin\mysqld, Version: 8.0.17 (MySQL Community Server - GPL). started with:
TCP Port: 3306, Named Pipe: (null)
Time                 Id Command    Argument
C:\AppServ\MySQL\bin\mysqld, Version: 8.0.17 (MySQL Community Server - GPL). started with:
TCP Port: 3306, Named Pipe: (null)
Time                 Id Command    Argument
C:\AppServ\MySQL\bin\mysqld, Version: 8.0.17 (MySQL Community Server - GPL). started with:
TCP Port: 3306, Named Pipe: (null)
Time                 Id Command    Argument
C:\AppServ\MySQL\bin\mysqld, Version: 8.0.17 (MySQL Community Server - GPL). started with:
TCP Port: 3306, Named Pipe: (null)
Time                 Id Command    Argument
C:\AppServ\MySQL\bin\mysqld, Version: 8.0.17 (MySQL Community Server - GPL). started with:
TCP Port: 3306, Named Pipe: (null)
Time                 Id Command    Argument
C:\AppServ\MySQL\bin\mysqld, Version: 8.0.17 (MySQL Community Server - GPL). started with:
TCP Port: 3306, Named Pipe: (null)
Time                 Id Command    Argument
C:\AppServ\MySQL\bin\mysqld, Version: 8.0.17 (MySQL Community Server - GPL). started with:
TCP Port: 3306, Named Pipe: (null)
Time                 Id Command    Argument
C:\AppServ\MySQL\bin\mysqld, Version: 8.0.17 (MySQL Community Server - GPL). started with:
TCP Port: 3306, Named Pipe: (null)
Time                 Id Command    Argument
C:\AppServ\MySQL\bin\mysqld, Version: 8.0.17 (MySQL Community Server - GPL). started with:
TCP Port: 3306, Named Pipe: (null)
Time                 Id Command    Argument
C:\AppServ\MySQL\bin\mysqld, Version: 8.0.17 (MySQL Community Server - GPL). started with:
TCP Port: 3306, Named Pipe: (null)
Time                 Id Command    Argument
C:\AppServ\MySQL\bin\mysqld, Version: 8.0.17 (MySQL Community Server - GPL). started with:
TCP Port: 3306, Named Pipe: (null)
Time                 Id Command    Argument
C:\AppServ\MySQL\bin\mysqld, Version: 8.0.17 (MySQL Community Server - GPL). started with:
TCP Port: 3306, Named Pipe: (null)
Time                 Id Command    Argument
C:\AppServ\MySQL\bin\mysqld, Version: 8.0.17 (MySQL Community Server - GPL). started with:
TCP Port: 3306, Named Pipe: (null)
Time                 Id Command    Argument
C:\AppServ\MySQL\bin\mysqld, Version: 8.0.17 (MySQL Community Server - GPL). started with:
TCP Port: 3306, Named Pipe: (null)
Time                 Id Command    Argument
C:\AppServ\MySQL\bin\mysqld, Version: 8.0.17 (MySQL Community Server - GPL). started with:
TCP Port: 3306, Named Pipe: (null)
Time                 Id Command    Argument
C:\AppServ\MySQL\bin\mysqld, Version: 8.0.17 (MySQL Community Server - GPL). started with:
TCP Port: 3306, Named Pipe: (null)
Time                 Id Command    Argument
C:\AppServ\MySQL\bin\mysqld, Version: 8.0.17 (MySQL Community Server - GPL). started with:
TCP Port: 3306, Named Pipe: (null)
Time                 Id Command    Argument
C:\AppServ\MySQL\bin\mysqld, Version: 8.0.17 (MySQL Community Server - GPL). started with:
TCP Port: 3306, Named Pipe: (null)
Time                 Id Command    Argument
C:\AppServ\MySQL\bin\mysqld, Version: 8.0.17 (MySQL Community Server - GPL). started with:
TCP Port: 3306, Named Pipe: (null)
Time                 Id Command    Argument
C:\AppServ\MySQL\bin\mysqld, Version: 8.0.17 (MySQL Community Server - GPL). started with:
TCP Port: 3306, Named Pipe: (null)
Time                 Id Command    Argument
C:\AppServ\MySQL\bin\mysqld, Version: 8.0.17 (MySQL Community Server - GPL). started with:
TCP Port: 3306, Named Pipe: (null)
Time                 Id Command    Argument
C:\AppServ\MySQL\bin\mysqld, Version: 8.0.17 (MySQL Community Server - GPL). started with:
TCP Port: 3306, Named Pipe: (null)
Time                 Id Command    Argument
C:\AppServ\MySQL\bin\mysqld, Version: 8.0.17 (MySQL Community Server - GPL). started with:
TCP Port: 3306, Named Pipe: (null)
Time                 Id Command    Argument
C:\AppServ\MySQL\bin\mysqld, Version: 8.0.17 (MySQL Community Server - GPL). started with:
TCP Port: 3306, Named Pipe: (null)
Time                 Id Command    Argument
C:\AppServ\MySQL\bin\mysqld, Version: 8.0.17 (MySQL Community Server - GPL). started with:
TCP Port: 3306, Named Pipe: (null)
Time                 Id Command    Argument
C:\AppServ\MySQL\bin\mysqld, Version: 8.0.17 (MySQL Community Server - GPL). started with:
TCP Port: 3306, Named Pipe: (null)
Time                 Id Command    Argument
C:\AppServ\MySQL\bin\mysqld, Version: 8.0.17 (MySQL Community Server - GPL). started with:
TCP Port: 3306, Named Pipe: (null)
Time                 Id Command    Argument
C:\AppServ\MySQL\bin\mysqld, Version: 8.0.17 (MySQL Community Server - GPL). started with:
TCP Port: 3306, Named Pipe: (null)
Time                 Id Command    Argument
C:\AppServ\MySQL\bin\mysqld, Version: 8.0.17 (MySQL Community Server - GPL). started with:
TCP Port: 3306, Named Pipe: (null)
Time                 Id Command    Argument
C:\AppServ\MySQL\bin\mysqld, Version: 8.0.17 (MySQL Community Server - GPL). started with:
TCP Port: 3306, Named Pipe: (null)
Time                 Id Command    Argument
C:\AppServ\MySQL\bin\mysqld, Version: 8.0.17 (MySQL Community Server - GPL). started with:
TCP Port: 3306, Named Pipe: (null)
Time                 Id Command    Argument
C:\AppServ\MySQL\bin\mysqld, Version: 8.0.17 (MySQL Community Server - GPL). started with:
TCP Port: 3306, Named Pipe: (null)
Time                 Id Command    Argument
C:\AppServ\MySQL\bin\mysqld, Version: 8.0.17 (MySQL Community Server - GPL). started with:
TCP Port: 3306, Named Pipe: (null)
Time                 Id Command    Argument
C:\AppServ\MySQL\bin\mysqld, Version: 8.0.17 (MySQL Community Server - GPL). started with:
TCP Port: 3306, Named Pipe: (null)
Time                 Id Command    Argument
C:\AppServ\MySQL\bin\mysqld, Version: 8.0.17 (MySQL Community Server - GPL). started with:
TCP Port: 3306, Named Pipe: (null)
Time                 Id Command    Argument
C:\AppServ\MySQL\bin\mysqld, Version: 8.0.17 (MySQL Community Server - GPL). started with:
TCP Port: 3306, Named Pipe: (null)
Time                 Id Command    Argument
C:\AppServ\MySQL\bin\mysqld, Version: 8.0.17 (MySQL Community Server - GPL). started with:
TCP Port: 3306, Named Pipe: (null)
Time                 Id Command    Argument
C:\AppServ\MySQL\bin\mysqld, Version: 8.0.17 (MySQL Community Server - GPL). started with:
TCP Port: 3306, Named Pipe: (null)
Time                 Id Command    Argument
C:\AppServ\MySQL\bin\mysqld, Version: 8.0.17 (MySQL Community Server - GPL). started with:
TCP Port: 3306, Named Pipe: (null)
Time                 Id Command    Argument
C:\AppServ\MySQL\bin\mysqld, Version: 8.0.17 (MySQL Community Server - GPL). started with:
TCP Port: 3306, Named Pipe: (null)
Time                 Id Command    Argument
C:\AppServ\MySQL\bin\mysqld, Version: 8.0.17 (MySQL Community Server - GPL). started with:
TCP Port: 3306, Named Pipe: (null)
Time                 Id Command    Argument
C:\AppServ\MySQL\bin\mysqld, Version: 8.0.17 (MySQL Community Server - GPL). started with:
TCP Port: 3306, Named Pipe: (null)
Time                 Id Command    Argument
C:\AppServ\MySQL\bin\mysqld, Version: 8.0.17 (MySQL Community Server - GPL). started with:
TCP Port: 3306, Named Pipe: (null)
Time                 Id Command    Argument
C:\AppServ\MySQL\bin\mysqld, Version: 8.0.17 (MySQL Community Server - GPL). started with:
TCP Port: 3306, Named Pipe: (null)
Time                 Id Command    Argument
C:\AppServ\MySQL\bin\mysqld, Version: 8.0.17 (MySQL Community Server - GPL). started with:
TCP Port: 3306, Named Pipe: (null)
Time                 Id Command    Argument
C:\AppServ\MySQL\bin\mysqld, Version: 8.0.17 (MySQL Community Server - GPL). started with:
TCP Port: 3306, Named Pipe: (null)
Time                 Id Command    Argument
C:\AppServ\MySQL\bin\mysqld, Version: 8.0.17 (MySQL Community Server - GPL). started with:
TCP Port: 3306, Named Pipe: (null)
Time                 Id Command    Argument
C:\AppServ\MySQL\bin\mysqld, Version: 8.0.17 (MySQL Community Server - GPL). started with:
TCP Port: 3306, Named Pipe: (null)
Time                 Id Command    Argument
C:\AppServ\MySQL\bin\mysqld, Version: 8.0.17 (MySQL Community Server - GPL). started with:
TCP Port: 3306, Named Pipe: (null)
Time                 Id Command    Argument
C:\AppServ\MySQL\bin\mysqld, Version: 8.0.17 (MySQL Community Server - GPL). started with:
TCP Port: 3306, Named Pipe: (null)
Time                 Id Command    Argument
C:\AppServ\MySQL\bin\mysqld, Version: 8.0.17 (MySQL Community Server - GPL). started with:
TCP Port: 3306, Named Pipe: (null)
Time                 Id Command    Argument
C:\AppServ\MySQL\bin\mysqld, Version: 8.0.17 (MySQL Community Server - GPL). started with:
TCP Port: 3306, Named Pipe: (null)
Time                 Id Command    Argument
C:\AppServ\MySQL\bin\mysqld, Version: 8.0.17 (MySQL Community Server - GPL). started with:
TCP Port: 3306, Named Pipe: (null)
Time                 Id Command    Argument
C:\AppServ\MySQL\bin\mysqld, Version: 8.0.17 (MySQL Community Server - GPL). started with:
TCP Port: 3306, Named Pipe: (null)
Time                 Id Command    Argument
C:\AppServ\MySQL\bin\mysqld, Version: 8.0.17 (MySQL Community Server - GPL). started with:
TCP Port: 3306, Named Pipe: (null)
Time                 Id Command    Argument
C:\AppServ\MySQL\bin\mysqld, Version: 8.0.17 (MySQL Community Server - GPL). started with:
TCP Port: 3306, Named Pipe: (null)
Time                 Id Command    Argument
C:\AppServ\MySQL\bin\mysqld, Version: 8.0.17 (MySQL Community Server - GPL). started with:
TCP Port: 3306, Named Pipe: (null)
Time                 Id Command    Argument
C:\AppServ\MySQL\bin\mysqld, Version: 8.0.17 (MySQL Community Server - GPL). started with:
TCP Port: 3306, Named Pipe: (null)
Time                 Id Command    Argument
C:\AppServ\MySQL\bin\mysqld, Version: 8.0.17 (MySQL Community Server - GPL). started with:
TCP Port: 3306, Named Pipe: (null)
Time                 Id Command    Argument
C:\AppServ\MySQL\bin\mysqld, Version: 8.0.17 (MySQL Community Server - GPL). started with:
TCP Port: 3306, Named Pipe: (null)
Time                 Id Command    Argument
C:\AppServ\MySQL\bin\mysqld, Version: 8.0.17 (MySQL Community Server - GPL). started with:
TCP Port: 3306, Named Pipe: (null)
Time                 Id Command    Argument
C:\AppServ\MySQL\bin\mysqld, Version: 8.0.17 (MySQL Community Server - GPL). started with:
TCP Port: 3306, Named Pipe: (null)
Time                 Id Command    Argument
C:\AppServ\MySQL\bin\mysqld, Version: 8.0.17 (MySQL Community Server - GPL). started with:
TCP Port: 3306, Named Pipe: (null)
Time                 Id Command    Argument
C:\AppServ\MySQL\bin\mysqld, Version: 8.0.17 (MySQL Community Server - GPL). started with:
TCP Port: 3306, Named Pipe: (null)
Time                 Id Command    Argument
C:\AppServ\MySQL\bin\mysqld, Version: 8.0.17 (MySQL Community Server - GPL). started with:
TCP Port: 3306, Named Pipe: (null)
Time                 Id Command    Argument
C:\AppServ\MySQL\bin\mysqld, Version: 8.0.17 (MySQL Community Server - GPL). started with:
TCP Port: 3306, Named Pipe: (null)
Time                 Id Command    Argument
C:\AppServ\MySQL\bin\mysqld, Version: 8.0.17 (MySQL Community Server - GPL). started with:
TCP Port: 3306, Named Pipe: (null)
Time                 Id Command    Argument
C:\AppServ\MySQL\bin\mysqld, Version: 8.0.17 (MySQL Community Server - GPL). started with:
TCP Port: 3306, Named Pipe: (null)
Time                 Id Command    Argument
C:\AppServ\MySQL\bin\mysqld, Version: 8.0.17 (MySQL Community Server - GPL). started with:
TCP Port: 3306, Named Pipe: (null)
Time                 Id Command    Argument
C:\AppServ\MySQL\bin\mysqld, Version: 8.0.17 (MySQL Community Server - GPL). started with:
TCP Port: 3306, Named Pipe: (null)
Time                 Id Command    Argument
C:\AppServ\MySQL\bin\mysqld, Version: 8.0.17 (MySQL Community Server - GPL). started with:
TCP Port: 3306, Named Pipe: (null)
Time                 Id Command    Argument
C:\AppServ\MySQL\bin\mysqld, Version: 8.0.17 (MySQL Community Server - GPL). started with:
TCP Port: 3306, Named Pipe: (null)
Time                 Id Command    Argument
C:\AppServ\MySQL\bin\mysqld, Version: 8.0.17 (MySQL Community Server - GPL). started with:
TCP Port: 3306, Named Pipe: (null)
Time                 Id Command    Argument
C:\AppServ\MySQL\bin\mysqld, Version: 8.0.17 (MySQL Community Server - GPL). started with:
TCP Port: 3306, Named Pipe: (null)
Time                 Id Command    Argument
C:\AppServ\MySQL\bin\mysqld, Version: 8.0.17 (MySQL Community Server - GPL). started with:
TCP Port: 3306, Named Pipe: (null)
Time                 Id Command    Argument
C:\AppServ\MySQL\bin\mysqld, Version: 8.0.17 (MySQL Community Server - GPL). started with:
TCP Port: 3306, Named Pipe: (null)
Time                 Id Command    Argument
C:\AppServ\MySQL\bin\mysqld, Version: 8.0.17 (MySQL Community Server - GPL). started with:
TCP Port: 3306, Named Pipe: (null)
Time                 Id Command    Argument
C:\AppServ\MySQL\bin\mysqld, Version: 8.0.17 (MySQL Community Server - GPL). started with:
TCP Port: 3306, Named Pipe: (null)
Time                 Id Command    Argument
C:\AppServ\MySQL\bin\mysqld, Version: 8.0.17 (MySQL Community Server - GPL). started with:
TCP Port: 3306, Named Pipe: (null)
Time                 Id Command    Argument
C:\AppServ\MySQL\bin\mysqld, Version: 8.0.17 (MySQL Community Server - GPL). started with:
TCP Port: 3306, Named Pipe: (null)
Time                 Id Command    Argument
